<?xml version="1.0" encoding="UTF-8"?>
<testng-results skipped="0" failed="0" ignored="0" total="2" passed="2">
  <reporter-output>
  </reporter-output>
  <suite name="Suite" duration-ms="5741" started-at="2022-10-04T17:25:32 EAT" finished-at="2022-10-04T17:25:37 EAT">
    <groups>
    </groups>
    <test name="Test" duration-ms="5741" started-at="2022-10-04T17:25:32 EAT" finished-at="2022-10-04T17:25:37 EAT">
      <class name="restAsured.estAsured.RestPostAPI">
        <test-method status="PASS" signature="postUsers()[pri:0, instance:restAsured.estAsured.RestPostAPI@23faf8f2]" name="postUsers" duration-ms="1016" started-at="2022-10-04T17:25:36 EAT" finished-at="2022-10-04T17:25:37 EAT">
          <reporter-output>
          </reporter-output>
        </test-method> <!-- postUsers -->
      </class> <!-- restAsured.estAsured.RestPostAPI -->
      <class name="restAsured.estAsured.RestGetApi">
        <test-method status="PASS" signature="getListofUsers()[pri:0, instance:restAsured.estAsured.RestGetApi@d44fc21]" name="getListofUsers" duration-ms="4641" started-at="2022-10-04T17:25:32 EAT" finished-at="2022-10-04T17:25:36 EAT">
          <reporter-output>
          </reporter-output>
        </test-method> <!-- getListofUsers -->
      </class> <!-- restAsured.estAsured.RestGetApi -->
    </test> <!-- Test -->
  </suite> <!-- Suite -->
</testng-results>
